<?xml version="1.0" encoding="UTF-8"?>
<!-- Generated by org.testng.reporters.JUnitReportReporter -->
<testsuite hostname="DESKTOP-3E3NB32" failures="0" tests="3" name="com.qa.pomodel.LoginTest" time="124.284" errors="0" timestamp="2022-11-10T11:07:33 IST" skipped="0">
  <testcase classname="com.qa.pomodel.LoginTest" name="LoginPageTitleTest" time="55.015"/>
  <system-out/>
  <testcase classname="com.qa.pomodel.LoginTest" name="FlipkartLogoTest" time="44.919"/>
  <system-out/>
  <testcase classname="com.qa.pomodel.LoginTest" name="LoginPageTest" time="24.350"/>
  <system-out/>
</testsuite> <!-- com.qa.pomodel.LoginTest -->
