<?xml version="1.0" encoding="UTF-8"?>
<!-- Generated by org.testng.reporters.JUnitReportReporter -->
<testsuite hostname="DESKTOP-3E3NB32" failures="0" tests="6" name="com.qa.selenium1.Testngframework.Paralleltest1" time="0.067" errors="0" timestamp="2022-11-10T10:16:01 IST" skipped="0">
  <testcase classname="com.qa.selenium1.Testngframework.Paralleltest1" name="test2" time="0.003"/>
  <system-out/>
  <testcase classname="com.qa.selenium1.Testngframework.Paralleltest1" name="test1" time="0.017"/>
  <system-out/>
  <testcase classname="com.qa.selenium1.Testngframework.Paralleltest1" name="test3" time="0.003"/>
  <system-out/>
  <testcase classname="com.qa.selenium1.Testngframework.Paralleltest1" name="test1" time="0.018"/>
  <system-out/>
  <testcase classname="com.qa.selenium1.Testngframework.Paralleltest1" name="test1" time="0.006"/>
  <system-out/>
  <testcase classname="com.qa.selenium1.Testngframework.Paralleltest1" name="test1" time="0.020"/>
  <system-out/>
</testsuite> <!-- com.qa.selenium1.Testngframework.Paralleltest1 -->
