<?xml version="1.0" encoding="UTF-8"?>
<!-- Generated by org.testng.reporters.JUnitReportReporter -->
<testsuite hostname="DESKTOP-3E3NB32" failures="0" tests="6" name="com.qa.pomodel.TestNGGroup" time="0.025" errors="0" timestamp="2022-11-10T10:10:35 IST" skipped="0">
  <testcase classname="com.qa.pomodel.TestNGGroup" name="method5" time="0.002"/>
  <system-out/>
  <testcase classname="com.qa.pomodel.TestNGGroup" name="method1" time="0.014"/>
  <system-out/>
  <testcase classname="com.qa.pomodel.TestNGGroup" name="method6" time="0.002"/>
  <system-out/>
  <testcase classname="com.qa.pomodel.TestNGGroup" name="method2" time="0.002"/>
  <system-out/>
  <testcase classname="com.qa.pomodel.TestNGGroup" name="tearDown" time="0.003"/>
  <system-out/>
  <testcase classname="com.qa.pomodel.TestNGGroup" name="method3" time="0.002"/>
  <system-out/>
</testsuite> <!-- com.qa.pomodel.TestNGGroup -->
