<?xml version="1.0" encoding="UTF-8"?>
<!-- Generated by org.testng.reporters.JUnitReportReporter -->
<testsuite hostname="DESKTOP-3E3NB32" failures="0" tests="4" name="com.qa.selenium1.Testngframework.ExcelhandleTest" time="99.639" errors="0" timestamp="2022-11-09T11:16:17 IST" skipped="0">
  <testcase classname="com.qa.selenium1.Testngframework.ExcelhandleTest" name="mainTest1" time="26.034"/>
  <system-out/>
  <testcase classname="com.qa.selenium1.Testngframework.ExcelhandleTest" name="mainTest1" time="23.305"/>
  <system-out/>
  <testcase classname="com.qa.selenium1.Testngframework.ExcelhandleTest" name="mainTest1" time="23.528"/>
  <system-out/>
  <testcase classname="com.qa.selenium1.Testngframework.ExcelhandleTest" name="mainTest1" time="26.772"/>
  <system-out/>
</testsuite> <!-- com.qa.selenium1.Testngframework.ExcelhandleTest -->
