<?xml version="1.0" encoding="UTF-8"?>
<!-- Generated by org.testng.reporters.JUnitReportReporter -->
<testsuite hostname="DESKTOP-3E3NB32" failures="0" tests="1" name="com.qa.pomodel.ExtendTestnGReport" time="26.126" errors="0" timestamp="2022-11-10T11:11:27 IST" skipped="0">
  <testcase classname="com.qa.pomodel.ExtendTestnGReport" name="test1" time="26.126"/>
  <system-out/>
</testsuite> <!-- com.qa.pomodel.ExtendTestnGReport -->
