<?xml version="1.0" encoding="UTF-8"?>
<!-- Generated by org.testng.reporters.JUnitReportReporter -->
<testsuite hostname="DESKTOP-3E3NB32" failures="0" tests="4" name="com.qa.pomodel.Prioritytest" time="0.014" errors="0" timestamp="2022-11-10T10:06:41 IST" skipped="0">
  <testcase classname="com.qa.pomodel.Prioritytest" name="sign" time="0.011"/>
  <system-out/>
  <testcase classname="com.qa.pomodel.Prioritytest" name="hello" time="0.001"/>
  <system-out/>
  <testcase classname="com.qa.pomodel.Prioritytest" name="cases" time="0.001"/>
  <system-out/>
  <testcase classname="com.qa.pomodel.Prioritytest" name="test" time="0.001"/>
  <system-out/>
</testsuite> <!-- com.qa.pomodel.Prioritytest -->
