<?xml version="1.0" encoding="UTF-8"?>
<!-- Generated by org.testng.reporters.JUnitReportReporter -->
<testsuite hostname="DESKTOP-3E3NB32" failures="0" tests="1" name="com.qa.selenium1.Testngframework.Takescreenshots" time="49.148" errors="0" timestamp="2022-11-10T10:22:52 IST" skipped="0">
  <testcase classname="com.qa.selenium1.Testngframework.Takescreenshots" name="captureScreenshot" time="49.148"/>
  <system-out/>
</testsuite> <!-- com.qa.selenium1.Testngframework.Takescreenshots -->
