<?xml version="1.0" encoding="UTF-8"?>
<!-- Generated by org.testng.reporters.JUnitReportReporter -->
<testsuite hostname="DESKTOP-3E3NB32" failures="0" tests="1" name="com.qa.selenium1.Testngframework.PaginationFlipkartMobiles" time="7.464" errors="0" timestamp="2022-11-11T14:30:08 IST" skipped="0">
  <testcase classname="com.qa.selenium1.Testngframework.PaginationFlipkartMobiles" name="pagination" time="7.464"/>
  <system-out/>
</testsuite> <!-- com.qa.selenium1.Testngframework.PaginationFlipkartMobiles -->
